Unity Editor version:    2020.3.19f1 (68f137dc9bbe)
Branch:                  2020.3/staging
Build type:              Release
Batch mode:              YES
macOS version:           Version 11.2.3 (Build 20D91)
Darwin version:          20.3.0
Architecture:            x86_64
Running under Rosetta:   NO
Available memory:        8192 MB
Using pre-set license
Pro License: NO

COMMAND LINE ARGUMENTS:
/Applications/Unity/Hub/Editor/2020.3.19f1/Unity.app/Contents/MacOS/Unity
-adb2
-batchMode
-noUpm
-name
AssetImportWorker0
-projectPath
/Users/alexandrelebas/FlappyBird
-logFile
Logs/AssetImportWorker0.log
-srvPort
51395
Successfully changed project path to: /Users/alexandrelebas/FlappyBird
/Users/alexandrelebas/FlappyBird
Using Asset Import Pipeline V2.
Refreshing native plugins compatible for Editor in 67.22 ms, found 3 plugins.
Preloading 0 native plugins for Editor in 0.00 ms.
Initialize engine version: 2020.3.19f1 (68f137dc9bbe)
[Subsystems] Discovering subsystems at path /Applications/Unity/Hub/Editor/2020.3.19f1/Unity.app/Contents/Resources/UnitySubsystems
[Subsystems] Discovering subsystems at path /Users/alexandrelebas/FlappyBird/Assets
GfxDevice: creating device client; threaded=0
2021-10-08 13:30:15.242 Unity[4948:131100] Color LCD preferred device: Intel(R) Iris(TM) Graphics 6000 (low power)
2021-10-08 13:30:15.242 Unity[4948:131100] Metal devices available: 1
2021-10-08 13:30:15.242 Unity[4948:131100] 0: Intel(R) Iris(TM) Graphics 6000 (low power)
2021-10-08 13:30:15.243 Unity[4948:131100] Using device Intel(R) Iris(TM) Graphics 6000 (low power)
Initializing Metal device caps: Intel(R) Iris(TM) Graphics 6000
Initialize mono
Mono path[0] = '/Applications/Unity/Hub/Editor/2020.3.19f1/Unity.app/Contents/Managed'
Mono path[1] = '/Applications/Unity/Hub/Editor/2020.3.19f1/Unity.app/Contents/MonoBleedingEdge/lib/mono/unityjit'
Mono config path = '/Applications/Unity/Hub/Editor/2020.3.19f1/Unity.app/Contents/MonoBleedingEdge/etc'
Using monoOptions --debugger-agent=transport=dt_socket,embedding=1,server=y,suspend=n,address=127.0.0.1:56948
Begin MonoManager ReloadAssembly
Registering precompiled unity dll's ...
Register platform support module: /Applications/Unity/Hub/Editor/2020.3.19f1/Unity.app/Contents/PlaybackEngines/MacStandaloneSupport/UnityEditor.OSXStandalone.Extensions.dll
Registered in 0.007196 seconds.
Native extension for OSXStandalone target not found
Refreshing native plugins compatible for Editor in 60.40 ms, found 3 plugins.
Preloading 0 native plugins for Editor in 0.00 ms.
Mono: successfully reloaded assembly
- Completed reload, in  8.659 seconds
Domain Reload Profiling:
	ReloadAssembly (8659ms)
		BeginReloadAssembly (99ms)
			ExecutionOrderSort (0ms)
			DisableScriptedObjects (0ms)
			BackupInstance (0ms)
			ReleaseScriptingObjects (0ms)
			CreateAndSetChildDomain (3ms)
		EndReloadAssembly (919ms)
			LoadAssemblies (105ms)
			RebuildTransferFunctionScriptingTraits (0ms)
			SetupTypeCache (338ms)
			ReleaseScriptCaches (0ms)
			RebuildScriptCaches (82ms)
			SetupLoadedEditorAssemblies (353ms)
				LogAssemblyErrors (0ms)
				InitializePlatformSupportModulesInManaged (8ms)
				SetLoadedEditorAssemblies (0ms)
				RefreshPlugins (60ms)
				BeforeProcessingInitializeOnLoad (14ms)
				ProcessInitializeOnLoadAttributes (208ms)
				ProcessInitializeOnLoadMethodAttributes (62ms)
				AfterProcessingInitializeOnLoad (0ms)
				EditorAssembliesLoaded (0ms)
			ExecutionOrderSort2 (0ms)
			AwakeInstancesAfterBackupRestoration (0ms)
Platform modules already initialized, skipping
Registering precompiled user dll's ...
Registered in 0.024882 seconds.
Begin MonoManager ReloadAssembly
Native extension for OSXStandalone target not found
Refreshing native plugins compatible for Editor in 68.96 ms, found 3 plugins.
Preloading 0 native plugins for Editor in 0.00 ms.
Mono: successfully reloaded assembly
- Completed reload, in  2.558 seconds
Domain Reload Profiling:
	ReloadAssembly (2563ms)
		BeginReloadAssembly (421ms)
			ExecutionOrderSort (0ms)
			DisableScriptedObjects (9ms)
			BackupInstance (0ms)
			ReleaseScriptingObjects (0ms)
			CreateAndSetChildDomain (175ms)
		EndReloadAssembly (2000ms)
			LoadAssemblies (288ms)
			RebuildTransferFunctionScriptingTraits (0ms)
			SetupTypeCache (662ms)
			ReleaseScriptCaches (1ms)
			RebuildScriptCaches (113ms)
			SetupLoadedEditorAssemblies (700ms)
				LogAssemblyErrors (0ms)
				InitializePlatformSupportModulesInManaged (8ms)
				SetLoadedEditorAssemblies (0ms)
				RefreshPlugins (69ms)
				BeforeProcessingInitializeOnLoad (101ms)
				ProcessInitializeOnLoadAttributes (483ms)
				ProcessInitializeOnLoadMethodAttributes (35ms)
				AfterProcessingInitializeOnLoad (3ms)
				EditorAssembliesLoaded (0ms)
			ExecutionOrderSort2 (0ms)
			AwakeInstancesAfterBackupRestoration (13ms)
Platform modules already initialized, skipping
Validating Project structure ... 0.000370 seconds.
Shader import version has changed; will reimport all shaders...
Upgrading shader files ...0.000357 seconds.
Application.AssetDatabase Initial Script Refresh Start
RefreshInfo: InitialScriptRefreshV2(NoUpdateAssetOptions) scanfilter:  ... 1 filters
RefreshProfiler: Total: 0.000ms
Application.AssetDatabase Initial Script Refresh End
Application.AssetDatabase.Refresh Start
Application.AssetDatabase.Refresh End
RefreshInfo: StopAssetImportingV2(ForceSynchronousImport) scanfilter: 
RefreshProfiler: Total: 0.000ms
Launching external process: /Applications/Unity/Hub/Editor/2020.3.19f1/Unity.app/Contents/Tools/UnityShaderCompiler
Launched and connected shader compiler UnityShaderCompiler after 0.05 seconds
Initializing Unity extensions:
========================================================================
Worker process is ready to serve import requests
Refreshing native plugins compatible for Editor in 0.50 ms, found 3 plugins.
Preloading 0 native plugins for Editor in 0.00 ms.
Unloading 2092 Unused Serialized files (Serialized files now loaded: 0)
System memory in use before: 192.8 MB.
System memory in use after: 192.0 MB.

Unloading 99 unused Assets to reduce memory usage. Loaded Objects now: 2570.
Total: 4.989297 ms (FindLiveObjects: 0.289507 ms CreateObjectMapping: 0.090010 ms MarkObjects: 3.741457 ms  DeleteObjects: 0.866716 ms)

AssetImportParameters requested are different than current active one (requested -> active):
  custom:video-decoder-ogg-theora: a1e56fd34408186e4bbccfd4996cb3dc -> 
  custom:container-muxer-webm: aa71ff27fc2769a1b78a27578f13a17b -> 
  custom:container-demuxer-webm: 4f35f7cbe854078d1ac9338744f61a02 -> 
  custom:container-demuxer-ogg: 62fdf1f143b41e24485cea50d1cbac27 -> 
  custom:video-encoder-webm-vp8: eb34c28f22e8b96e1ab97ce403110664 -> 
  custom:framework-osx-AVFoundation: e770b220cccbd017edd2c1fefb359320 -> 
  custom:video-decoder-webm-vp8: 9c59270c3fd7afecdb556c50c9e8de78 -> 
  custom:audio-decoder-ogg-vorbis: bf7c407c2cedff20999df2af8eb42d56 -> 
  custom:audio-encoder-webm-vorbis: bf7c407c2cedff20999df2af8eb42d56 -> 
========================================================================
Received Import Request.
  path: Assets/Sprite
  artifactKey: Guid(1c114a2335d71410d8d19f963c6b9ed8) Importer(815301076,1909f56bfc062723c751e8b465ee728b)
Start importing Assets/Sprite using Guid(1c114a2335d71410d8d19f963c6b9ed8) Importer(815301076,1909f56bfc062723c751e8b465ee728b)  -> (artifact id: '4f751cf1e6ad2fa5cf9b10c32861347b') in 0.014008 seconds 
  Import took 0.019835 seconds .

========================================================================
Received Import Request.
  Time since last request: 7.223116 seconds.
  path: Assets/Sprites
  artifactKey: Guid(1c114a2335d71410d8d19f963c6b9ed8) Importer(815301076,1909f56bfc062723c751e8b465ee728b)
Start importing Assets/Sprites using Guid(1c114a2335d71410d8d19f963c6b9ed8) Importer(815301076,1909f56bfc062723c751e8b465ee728b)  -> (artifact id: 'd33d3eb6518eea3f55c2df4edb418384') in 0.005520 seconds 
  Import took 0.016967 seconds .

========================================================================
Received Import Request.
  Time since last request: 45.214723 seconds.
  path: Assets/Sprites/BirdHero.png
  artifactKey: Guid(d3448928aa0c34c2788349c2d0607c74) Importer(815301076,1909f56bfc062723c751e8b465ee728b)
Start importing Assets/Sprites/BirdHero.png using Guid(d3448928aa0c34c2788349c2d0607c74) Importer(815301076,1909f56bfc062723c751e8b465ee728b)  -> (artifact id: 'b9c94fcb8e1e755f8e73a2a8364dc609') in 2.088100 seconds 
  Import took 2.099011 seconds .

========================================================================
Received Import Request.
  Time since last request: 0.014047 seconds.
  path: Assets/Sprites/SkyTileSprite.png
  artifactKey: Guid(d8e5f094876764ba1a498bbc8b00efd2) Importer(815301076,1909f56bfc062723c751e8b465ee728b)
Start importing Assets/Sprites/SkyTileSprite.png using Guid(d8e5f094876764ba1a498bbc8b00efd2) Importer(815301076,1909f56bfc062723c751e8b465ee728b)  -> (artifact id: '15373c3fd767354eb8c3c8e8a3985732') in 0.050941 seconds 
  Import took 0.058937 seconds .

========================================================================
Received Import Request.
  Time since last request: 0.000675 seconds.
  path: Assets/Sprites/ColumnSprite.png
  artifactKey: Guid(b9ad72a83bbc642e89e8f9a70388e8d9) Importer(815301076,1909f56bfc062723c751e8b465ee728b)
Start importing Assets/Sprites/ColumnSprite.png using Guid(b9ad72a83bbc642e89e8f9a70388e8d9) Importer(815301076,1909f56bfc062723c751e8b465ee728b)  -> (artifact id: 'a02b9d38ee5caaad614514a4b3def92d') in 0.025883 seconds 
  Import took 0.033743 seconds .

========================================================================
Received Import Request.
  Time since last request: 0.000389 seconds.
  path: Assets/Sprites/GrassThinSprite.png
  artifactKey: Guid(7ebe1ba52695e4a94ba6140d82b66c29) Importer(815301076,1909f56bfc062723c751e8b465ee728b)
Start importing Assets/Sprites/GrassThinSprite.png using Guid(7ebe1ba52695e4a94ba6140d82b66c29) Importer(815301076,1909f56bfc062723c751e8b465ee728b)  -> (artifact id: 'f9f808b68cabeba9d13b8fcfbb69def2') in 0.031569 seconds 
  Import took 0.040806 seconds .

========================================================================
Received Import Request.
  Time since last request: 8.452601 seconds.
  path: Assets/Scenes/SampleScene.unity
  artifactKey: Guid(2cda990e2423bbf4892e6590ba056729) Importer(815301076,1909f56bfc062723c751e8b465ee728b)
Start importing Assets/Scenes/SampleScene.unity using Guid(2cda990e2423bbf4892e6590ba056729) Importer(815301076,1909f56bfc062723c751e8b465ee728b)  -> (artifact id: 'aa27944bdea339c97c39027c7eea529c') in 0.006046 seconds 
  Import took 0.015911 seconds .

========================================================================
Received Import Request.
  Time since last request: 161.982306 seconds.
  path: Assets/Fonts/LuckiestGuy.ttf
  artifactKey: Guid(be64351bf47c24b27a58cb0e65bef42e) Importer(815301076,1909f56bfc062723c751e8b465ee728b)
Start importing Assets/Fonts/LuckiestGuy.ttf using Guid(be64351bf47c24b27a58cb0e65bef42e) Importer(815301076,1909f56bfc062723c751e8b465ee728b)  -> (artifact id: 'b3874558cf2853c9693936bb26e205a5') in 3.103046 seconds 
  Import took 3.114480 seconds .

========================================================================
Received Import Request.
  Time since last request: 561.473012 seconds.
  path: Assets/Fonts
  artifactKey: Guid(8d746cd34515a4f328b21f857b5c45df) Importer(815301076,1909f56bfc062723c751e8b465ee728b)
Start importing Assets/Fonts using Guid(8d746cd34515a4f328b21f857b5c45df) Importer(815301076,1909f56bfc062723c751e8b465ee728b)  -> (artifact id: 'a43f677da1cab4361e3bb1aaf81f0917') in 0.008341 seconds 
  Import took 0.020214 seconds .

========================================================================
Received Import Request.
  Time since last request: 26.095799 seconds.
  path: Assets/Scenes
  artifactKey: Guid(12a2576d1103e412c9265e23adc56eac) Importer(815301076,1909f56bfc062723c751e8b465ee728b)
Start importing Assets/Scenes using Guid(12a2576d1103e412c9265e23adc56eac) Importer(815301076,1909f56bfc062723c751e8b465ee728b)  -> (artifact id: '5eb7285387fb320b6b44fc9fdda19621') in 0.003132 seconds 
  Import took 0.009224 seconds .

========================================================================
Received Import Request.
  Time since last request: 102.202286 seconds.
  path: Assets/Sprites/BirdHero.png
  artifactKey: Guid(d3448928aa0c34c2788349c2d0607c74) Importer(815301076,1909f56bfc062723c751e8b465ee728b)
Start importing Assets/Sprites/BirdHero.png using Guid(d3448928aa0c34c2788349c2d0607c74) Importer(815301076,1909f56bfc062723c751e8b465ee728b)  -> (artifact id: 'fa3b253786c94ccf1b5cd278f2a4c89d') in 0.039407 seconds 
  Import took 0.049315 seconds .

AssetImportWorkerClient::OnTransportError - code=2 error=End of file
